2024-07-01T12:16:12.526-06:00  INFO 18076 --- [springboot-web] [main] c.l.c.s.webapp.SpringbootWebApplication  : Starting SpringbootWebApplication using Java 17.0.8.1 with PID 18076 (C:\Users\lreynoso\Documents\SpringProjects-Lastest\springboot-web\target\classes started by lreynoso in C:\Users\lreynoso\Documents\SpringProjects-Lastest\springboot-web)
2024-07-01T12:16:12.530-06:00  INFO 18076 --- [springboot-web] [main] c.l.c.s.webapp.SpringbootWebApplication  : No active profile set, falling back to 1 default profile: "default"
2024-07-01T12:16:13.569-06:00  INFO 18076 --- [springboot-web] [main] o.s.b.w.embedded.tomcat.TomcatWebServer  : Tomcat initialized with port 8080 (http)
2024-07-01T12:16:13.585-06:00  INFO 18076 --- [springboot-web] [main] o.apache.catalina.core.StandardService   : Starting service [Tomcat]
2024-07-01T12:16:13.586-06:00  INFO 18076 --- [springboot-web] [main] o.apache.catalina.core.StandardEngine    : Starting Servlet engine: [Apache Tomcat/10.1.25]
2024-07-01T12:16:13.654-06:00  INFO 18076 --- [springboot-web] [main] o.a.c.c.C.[Tomcat].[localhost].[/]       : Initializing Spring embedded WebApplicationContext
2024-07-01T12:16:13.654-06:00  INFO 18076 --- [springboot-web] [main] w.s.c.ServletWebServerApplicationContext : Root WebApplicationContext: initialization completed in 1075 ms
2024-07-01T12:16:14.068-06:00  INFO 18076 --- [springboot-web] [main] o.s.b.w.embedded.tomcat.TomcatWebServer  : Tomcat started on port 8080 (http) with context path ''
2024-07-01T12:16:14.079-06:00  INFO 18076 --- [springboot-web] [main] c.l.c.s.webapp.SpringbootWebApplication  : Started SpringbootWebApplication in 2.177 seconds (process running for 3.104)
2024-07-01T12:17:22.648-06:00  INFO 18076 --- [springboot-web] [http-nio-8080-exec-1] o.a.c.c.C.[Tomcat].[localhost].[/]       : Initializing Spring DispatcherServlet 'dispatcherServlet'
2024-07-01T12:17:22.648-06:00  INFO 18076 --- [springboot-web] [http-nio-8080-exec-1] o.s.web.servlet.DispatcherServlet        : Initializing Servlet 'dispatcherServlet'
2024-07-01T12:17:22.650-06:00  INFO 18076 --- [springboot-web] [http-nio-8080-exec-1] o.s.web.servlet.DispatcherServlet        : Completed initialization in 1 ms
2024-07-01T12:17:22.765-06:00  INFO 18076 --- [springboot-web] [http-nio-8080-exec-1] c.l.c.s.w.c.PathVariableController       : Parametro recibido: Mariana
2024-07-01T12:17:27.818-06:00  INFO 18076 --- [springboot-web] [http-nio-8080-exec-2] c.l.c.s.w.c.PathVariableController       : Parametro recibido: Mariana
2024-07-01T12:17:30.558-06:00  INFO 18076 --- [springboot-web] [http-nio-8080-exec-3] c.l.c.s.w.c.PathVariableController       : Parametro recibido: Mariana
2024-07-01T12:17:32.755-06:00  INFO 18076 --- [springboot-web] [http-nio-8080-exec-4] c.l.c.s.w.c.RequestParamsController      : Parametros recibidos: Code HOLA - Message: Mariana
2024-07-01T12:17:35.083-06:00  INFO 18076 --- [springboot-web] [http-nio-8080-exec-5] c.l.c.s.w.c.RequestParamsController      : Pametro recibido Hola [Default Response]
2024-07-01T12:22:58.048-06:00  INFO 18076 --- [springboot-web] [RMI TCP Connection(16)-127.0.0.1] inMXBeanRegistrar$SpringApplicationAdmin : Application shutdown requested.
2024-07-01T12:23:01.190-06:00  INFO 24704 --- [springboot-web] [main] c.l.c.s.webapp.SpringbootWebApplication  : Starting SpringbootWebApplication using Java 17.0.8.1 with PID 24704 (C:\Users\lreynoso\Documents\SpringProjects-Lastest\springboot-web\target\classes started by lreynoso in C:\Users\lreynoso\Documents\SpringProjects-Lastest\springboot-web)
2024-07-01T12:23:01.195-06:00  INFO 24704 --- [springboot-web] [main] c.l.c.s.webapp.SpringbootWebApplication  : No active profile set, falling back to 1 default profile: "default"
2024-07-01T12:23:02.366-06:00  INFO 24704 --- [springboot-web] [main] o.s.b.w.embedded.tomcat.TomcatWebServer  : Tomcat initialized with port 8080 (http)
2024-07-01T12:23:02.389-06:00  INFO 24704 --- [springboot-web] [main] o.apache.catalina.core.StandardService   : Starting service [Tomcat]
2024-07-01T12:23:02.389-06:00  INFO 24704 --- [springboot-web] [main] o.apache.catalina.core.StandardEngine    : Starting Servlet engine: [Apache Tomcat/10.1.25]
2024-07-01T12:23:02.467-06:00  INFO 24704 --- [springboot-web] [main] o.a.c.c.C.[Tomcat].[localhost].[/]       : Initializing Spring embedded WebApplicationContext
2024-07-01T12:23:02.468-06:00  INFO 24704 --- [springboot-web] [main] w.s.c.ServletWebServerApplicationContext : Root WebApplicationContext: initialization completed in 1207 ms
2024-07-01T12:23:03.037-06:00  INFO 24704 --- [springboot-web] [main] o.s.b.w.embedded.tomcat.TomcatWebServer  : Tomcat started on port 8080 (http) with context path ''
2024-07-01T12:23:03.045-06:00  INFO 24704 --- [springboot-web] [main] c.l.c.s.webapp.SpringbootWebApplication  : Started SpringbootWebApplication in 2.427 seconds (process running for 3.47)
2024-07-01T12:24:11.027-06:00  INFO 24704 --- [springboot-web] [http-nio-8080-exec-1] o.a.c.c.C.[Tomcat].[localhost].[/]       : Initializing Spring DispatcherServlet 'dispatcherServlet'
2024-07-01T12:24:11.027-06:00  INFO 24704 --- [springboot-web] [http-nio-8080-exec-1] o.s.web.servlet.DispatcherServlet        : Initializing Servlet 'dispatcherServlet'
2024-07-01T12:24:11.028-06:00  INFO 24704 --- [springboot-web] [http-nio-8080-exec-1] o.s.web.servlet.DispatcherServlet        : Completed initialization in 1 ms
2024-07-01T12:24:11.076-06:00  INFO 24704 --- [springboot-web] [http-nio-8080-exec-1] c.l.c.s.w.c.PathVariableController       : Parametros recibidos: Product: AppleWatch Id: 254050
2024-07-01T12:33:40.180-06:00  INFO 24704 --- [springboot-web] [RMI TCP Connection(20)-127.0.0.1] inMXBeanRegistrar$SpringApplicationAdmin : Application shutdown requested.
2024-07-01T12:33:43.704-06:00  INFO 31612 --- [springboot-web] [main] c.l.c.s.webapp.SpringbootWebApplication  : Starting SpringbootWebApplication using Java 17.0.8.1 with PID 31612 (C:\Users\lreynoso\Documents\SpringProjects-Lastest\springboot-web\target\classes started by lreynoso in C:\Users\lreynoso\Documents\SpringProjects-Lastest\springboot-web)
2024-07-01T12:33:43.706-06:00  INFO 31612 --- [springboot-web] [main] c.l.c.s.webapp.SpringbootWebApplication  : No active profile set, falling back to 1 default profile: "default"
2024-07-01T12:33:44.891-06:00  INFO 31612 --- [springboot-web] [main] o.s.b.w.embedded.tomcat.TomcatWebServer  : Tomcat initialized with port 8080 (http)
2024-07-01T12:33:44.904-06:00  INFO 31612 --- [springboot-web] [main] o.apache.catalina.core.StandardService   : Starting service [Tomcat]
2024-07-01T12:33:44.905-06:00  INFO 31612 --- [springboot-web] [main] o.apache.catalina.core.StandardEngine    : Starting Servlet engine: [Apache Tomcat/10.1.25]
2024-07-01T12:33:44.970-06:00  INFO 31612 --- [springboot-web] [main] o.a.c.c.C.[Tomcat].[localhost].[/]       : Initializing Spring embedded WebApplicationContext
2024-07-01T12:33:44.970-06:00  INFO 31612 --- [springboot-web] [main] w.s.c.ServletWebServerApplicationContext : Root WebApplicationContext: initialization completed in 1211 ms
2024-07-01T12:33:45.408-06:00  INFO 31612 --- [springboot-web] [main] o.s.b.w.embedded.tomcat.TomcatWebServer  : Tomcat started on port 8080 (http) with context path ''
2024-07-01T12:33:45.421-06:00  INFO 31612 --- [springboot-web] [main] c.l.c.s.webapp.SpringbootWebApplication  : Started SpringbootWebApplication in 2.295 seconds (process running for 3.198)
2024-07-01T12:33:51.726-06:00  INFO 31612 --- [springboot-web] [http-nio-8080-exec-1] o.a.c.c.C.[Tomcat].[localhost].[/]       : Initializing Spring DispatcherServlet 'dispatcherServlet'
2024-07-01T12:33:51.726-06:00  INFO 31612 --- [springboot-web] [http-nio-8080-exec-1] o.s.web.servlet.DispatcherServlet        : Initializing Servlet 'dispatcherServlet'
2024-07-01T12:33:51.727-06:00  INFO 31612 --- [springboot-web] [http-nio-8080-exec-1] o.s.web.servlet.DispatcherServlet        : Completed initialization in 1 ms
2024-07-01T12:33:51.858-06:00  INFO 31612 --- [springboot-web] [http-nio-8080-exec-1] c.l.c.s.w.c.PathVariableController       : Peticion recibida: Name: Mariana Lastname: Sarabia Email: msarabia@mail.com
2024-07-01T12:34:26.593-06:00  INFO 31612 --- [springboot-web] [RMI TCP Connection(10)-127.0.0.1] inMXBeanRegistrar$SpringApplicationAdmin : Application shutdown requested.
2024-07-01T12:34:29.890-06:00  INFO 35696 --- [springboot-web] [main] c.l.c.s.webapp.SpringbootWebApplication  : Starting SpringbootWebApplication using Java 17.0.8.1 with PID 35696 (C:\Users\lreynoso\Documents\SpringProjects-Lastest\springboot-web\target\classes started by lreynoso in C:\Users\lreynoso\Documents\SpringProjects-Lastest\springboot-web)
2024-07-01T12:34:29.893-06:00  INFO 35696 --- [springboot-web] [main] c.l.c.s.webapp.SpringbootWebApplication  : No active profile set, falling back to 1 default profile: "default"
2024-07-01T12:34:31.010-06:00  INFO 35696 --- [springboot-web] [main] o.s.b.w.embedded.tomcat.TomcatWebServer  : Tomcat initialized with port 8080 (http)
2024-07-01T12:34:31.026-06:00  INFO 35696 --- [springboot-web] [main] o.apache.catalina.core.StandardService   : Starting service [Tomcat]
2024-07-01T12:34:31.026-06:00  INFO 35696 --- [springboot-web] [main] o.apache.catalina.core.StandardEngine    : Starting Servlet engine: [Apache Tomcat/10.1.25]
2024-07-01T12:34:31.083-06:00  INFO 35696 --- [springboot-web] [main] o.a.c.c.C.[Tomcat].[localhost].[/]       : Initializing Spring embedded WebApplicationContext
2024-07-01T12:34:31.083-06:00  INFO 35696 --- [springboot-web] [main] w.s.c.ServletWebServerApplicationContext : Root WebApplicationContext: initialization completed in 1143 ms
2024-07-01T12:34:31.514-06:00  INFO 35696 --- [springboot-web] [main] o.s.b.w.embedded.tomcat.TomcatWebServer  : Tomcat started on port 8080 (http) with context path ''
2024-07-01T12:34:31.522-06:00  INFO 35696 --- [springboot-web] [main] c.l.c.s.webapp.SpringbootWebApplication  : Started SpringbootWebApplication in 2.202 seconds (process running for 3.203)
2024-07-01T12:35:07.095-06:00  INFO 35696 --- [springboot-web] [http-nio-8080-exec-1] o.a.c.c.C.[Tomcat].[localhost].[/]       : Initializing Spring DispatcherServlet 'dispatcherServlet'
2024-07-01T12:35:07.095-06:00  INFO 35696 --- [springboot-web] [http-nio-8080-exec-1] o.s.web.servlet.DispatcherServlet        : Initializing Servlet 'dispatcherServlet'
2024-07-01T12:35:07.097-06:00  INFO 35696 --- [springboot-web] [http-nio-8080-exec-1] o.s.web.servlet.DispatcherServlet        : Completed initialization in 1 ms
2024-07-01T12:35:07.205-06:00  INFO 35696 --- [springboot-web] [http-nio-8080-exec-1] c.l.c.s.w.c.PathVariableController       : Peticion recibida: Name: Mariana Sarabia Email: msarabia@mail.com
2024-07-01T13:43:26.502-06:00  INFO 35696 --- [springboot-web] [RMI TCP Connection(79)-127.0.0.1] inMXBeanRegistrar$SpringApplicationAdmin : Application shutdown requested.
